Arguments: 
  C:\Program Files\nodejs\node.exe C:\Program Files (x86)\Yarn\bin\yarn.js install

PATH: 
  C:\Program Files (x86)\Common Files\Oracle\Java\javapath;C:\Program Files (x86)\NVIDIA Corporation\PhysX\Common;C:\Windows\system32;C:\Windows;C:\Windows\System32\Wbem;C:\Windows\System32\WindowsPowerShell\v1.0\;C:\Program Files\MongoDB\Server\3.6\bin;C:\Program Files (x86)\Yarn\bin\;C:\Program Files\MongoDB\Server\3.6\bin;C:\Program Files\Java\jdk1.8.0_202\bin;C:\Users\souradip\AppData\Roaming\nvm;C:\Program Files\nodejs;C:\Program Files\dotnet\;C:\Program Files\Microsoft SQL Server\Client SDK\ODBC\110\Tools\Binn\;C:\Program Files (x86)\Microsoft SQL Server\120\Tools\Binn\;C:\Program Files\Microsoft SQL Server\120\Tools\Binn\;C:\Program Files\Microsoft SQL Server\120\DTS\Binn\;C:\Program Files (x86)\Microsoft SQL Server\120\Tools\Binn\ManagementStudio\;C:\Program Files (x86)\Microsoft SQL Server\120\DTS\Binn\;C:\Program Files\MySQL\MySQL Server 8.0\bin;C:\Program Files\MySQL\MySQL Shell 8.0\bin\;C:\Users\souradip\AppData\Local\Programs\Python\Python37\Scripts\;C:\Users\souradip\AppData\Local\Programs\Python\Python37\;C:\Users\souradip\AppData\Roaming\npm;C:\Users\souradip\AppData\Local\Yarn\bin;C:\Program Files\heroku\bin;C:\Users\souradip\AppData\Local\GitHubDesktop\bin;C:\Users\souradip\AppData\Roaming\nvm;C:\Program Files\nodejs;C:\Users\souradip\.dotnet\tools;D:\Installed software\pycharm\PyCharm 2019.3.4\bin;;D:\Installed software\Microsoft VS Code\bin;C:\Program Files\sfdx\bin

Yarn version: 
  1.19.1

Node version: 
  12.0.0

Platform: 
  win32 x64

Trace: 
  Error: https://registry.yarnpkg.com/@material-ui/icons/-/icons-4.11.2.tgz: ESOCKETTIMEDOUT
      at ClientRequest.<anonymous> (C:\Program Files (x86)\Yarn\lib\cli.js:141191:19)
      at Object.onceWrapper (events.js:284:20)
      at ClientRequest.emit (events.js:196:13)
      at TLSSocket.emitRequestTimeout (_http_client.js:674:40)
      at Object.onceWrapper (events.js:284:20)
      at TLSSocket.emit (events.js:196:13)
      at TLSSocket.Socket._onTimeout (net.js:432:8)
      at listOnTimeout (internal/timers.js:531:17)
      at processTimers (internal/timers.js:475:7)

npm manifest: 
  {
    "version": "0.0.0",
    "scripts": {
      "dev": "vite",
      "build": "tsc && vite build",
      "serve": "vite preview"
    },
    "dependencies": {
      "@material-ui/core": "4.12.3",
      "@material-ui/icons": "4.11.2",
      "@reduxjs/toolkit": "1.6.1",
      "@types/react-redux": "7.1.18",
      "@types/redux-saga": "0.10.5",
      "axios": "0.21.1",
      "connected-react-router": "6.9.1",
      "query-string": "7.0.1",
      "react": "17.0.2",
      "react-console-emulator": "5.0.1",
      "react-dom": "17.0.2",
      "react-redux": "7.2.4",
      "react-router-dom": "5.2.0",
      "util": "0.12.4",
      "yarn": "^1.22.11"
    },
    "devDependencies": {
      "@types/react-dom": "17.0.9",
      "@types/react-router-dom": "5.1.8",
      "@types/uuid": "8.3.1",
      "@vitejs/plugin-react-refresh": "1.3.6",
      "vite": "2.5.1",
      "vite-plugin-svgr": "0.4.0"
    }
  }

yarn manifest: 
  No manifest

Lockfile: 
  No lockfile
